<?xml version="1.0" encoding="UTF-8"?>
<!-- Generated by org.testng.reporters.JUnitXMLReporter -->
<testsuite hostname="DESKTOP-3R8RF4R" ignored="0" name="Test" tests="4" failures="0" timestamp="03 Jun 2018 12:29:40 GMT" time="49.279" errors="0">
  <testcase name="tc02" time="0.904" classname="Testcases.Tc_02"/>
  <testcase name="tc01" time="1.667" classname="Testcases.Tc_01"/>
  <testcase name="tc03" time="0.788" classname="Testcases.Tc_03"/>
  <testcase name="tc04" time="0.823" classname="Testcases.Tc_04"/>
</testsuite> <!-- Test -->
